<?xml version="1.0" encoding="UTF-8"?>
<!-- Generated by org.testng.reporters.JUnitXMLReporter -->
<testsuite ignored="0" hostname="Ramakant" failures="0" tests="6" name="Default test" time="8.496" errors="0" timestamp="2024-06-06T18:01:16 IST">
  <testcase classname="seleniumTesting.VerifyFB" name="verifyURL" time="7.792"/>
  <testcase classname="seleniumTesting.VerifyFB" name="verifyTitle" time="0.001"/>
  <testcase classname="seleniumTesting.VerifyFB" name="verifyEmail" time="0.059"/>
  <testcase classname="seleniumTesting.VerifyFB" name="verifyPass" time="0.048"/>
  <testcase classname="seleniumTesting.VerifyFB" name="verifyLogin" time="0.047"/>
  <testcase classname="seleniumTesting.VerifyFB" name="verifyCreateAccount" time="0.05"/>
</testsuite> <!-- Default test -->
