<?xml version="1.0" encoding="UTF-8"?>
<!-- Generated by org.testng.reporters.JUnitXMLReporter -->
<testsuite ignored="8" hostname="Ramakant" failures="0" tests="6" name="Test" time="0.058" errors="0" timestamp="2024-06-06T15:54:44 IST">
  <testcase classname="testNGGroups.TestNGGroup1" name="test1" time="0.007"/>
  <testcase classname="testNGGroups.TestNGGroup1" name="test6" time="0.001"/>
  <testcase classname="testNGGroups.TestNGGroup2" name="test1" time="0.001"/>
  <testcase classname="testNGGroups.TestNGGroup2" name="test4" time="0.001"/>
  <testcase classname="testNGGroups.TestNGGroup2" name="test5" time="0.001"/>
  <testcase classname="testNGGroups.TestNGGroup2" name="test6" time="0.001"/>
  <testcase classname="testNGGroups.TestNGGroup1" name="test3" time="0.0">
    <ignored/>
  </testcase> <!-- test3 -->
  <testcase classname="testNGGroups.TestNGGroup1" name="test4" time="0.0">
    <ignored/>
  </testcase> <!-- test4 -->
  <testcase classname="testNGGroups.TestNGGroup1" name="test5" time="0.0">
    <ignored/>
  </testcase> <!-- test5 -->
  <testcase classname="testNGGroups.TestNGGroup2" name="test3" time="0.0">
    <ignored/>
  </testcase> <!-- test3 -->
  <testcase classname="testNGGroups.TestNGGroup2" name="test7" time="0.0">
    <ignored/>
  </testcase> <!-- test7 -->
  <testcase classname="testNGGroups.TestNGGroup1" name="test7" time="0.0">
    <ignored/>
  </testcase> <!-- test7 -->
  <testcase classname="testNGGroups.TestNGGroup2" name="test2" time="0.0">
    <ignored/>
  </testcase> <!-- test2 -->
  <testcase classname="testNGGroups.TestNGGroup1" name="test2" time="0.0">
    <ignored/>
  </testcase> <!-- test2 -->
</testsuite> <!-- Test -->
