<?xml version="1.0" encoding="UTF-8"?>
<testng-results ignored="0" total="6" passed="6" failed="0" skipped="0">
  <reporter-output>
  </reporter-output>
  <suite started-at="2024-06-06T18:01:07 IST" name="Default suite" finished-at="2024-06-06T18:01:16 IST" duration-ms="8496">
    <groups>
    </groups>
    <test started-at="2024-06-06T18:01:07 IST" name="Default test" finished-at="2024-06-06T18:01:16 IST" duration-ms="8496">
      <class name="seleniumTesting.VerifyFB">
        <test-method signature="verifyURL()[pri:0, instance:seleniumTesting.VerifyFB@305ffe9e]" started-at="2024-06-06T18:01:07 IST" name="verifyURL" finished-at="2024-06-06T18:01:15 IST" duration-ms="7792" status="PASS">
          <reporter-output>
          </reporter-output>
        </test-method> <!-- verifyURL -->
        <test-method signature="verifyTitle()[pri:2, instance:seleniumTesting.VerifyFB@305ffe9e]" started-at="2024-06-06T18:01:15 IST" name="verifyTitle" finished-at="2024-06-06T18:01:15 IST" duration-ms="1" status="PASS">
          <reporter-output>
          </reporter-output>
        </test-method> <!-- verifyTitle -->
        <test-method signature="verifyEmail()[pri:3, instance:seleniumTesting.VerifyFB@305ffe9e]" started-at="2024-06-06T18:01:15 IST" name="verifyEmail" finished-at="2024-06-06T18:01:15 IST" duration-ms="59" status="PASS">
          <reporter-output>
          </reporter-output>
        </test-method> <!-- verifyEmail -->
        <test-method signature="verifyPass()[pri:4, instance:seleniumTesting.VerifyFB@305ffe9e]" started-at="2024-06-06T18:01:15 IST" name="verifyPass" finished-at="2024-06-06T18:01:15 IST" duration-ms="48" status="PASS">
          <reporter-output>
          </reporter-output>
        </test-method> <!-- verifyPass -->
        <test-method signature="verifyLogin()[pri:5, instance:seleniumTesting.VerifyFB@305ffe9e]" started-at="2024-06-06T18:01:15 IST" name="verifyLogin" finished-at="2024-06-06T18:01:15 IST" duration-ms="47" status="PASS">
          <reporter-output>
          </reporter-output>
        </test-method> <!-- verifyLogin -->
        <test-method signature="verifyCreateAccount()[pri:6, instance:seleniumTesting.VerifyFB@305ffe9e]" started-at="2024-06-06T18:01:15 IST" name="verifyCreateAccount" finished-at="2024-06-06T18:01:15 IST" duration-ms="50" status="PASS">
          <reporter-output>
          </reporter-output>
        </test-method> <!-- verifyCreateAccount -->
        <test-method is-config="true" signature="quit()[pri:0, instance:seleniumTesting.VerifyFB@305ffe9e]" started-at="2024-06-06T18:01:15 IST" name="quit" finished-at="2024-06-06T18:01:16 IST" duration-ms="410" status="PASS">
          <reporter-output>
          </reporter-output>
        </test-method> <!-- quit -->
      </class> <!-- seleniumTesting.VerifyFB -->
    </test> <!-- Default test -->
  </suite> <!-- Default suite -->
</testng-results>
